{"level":"error","message":"Error creating Razorpay order","timestamp":"2025-06-22T12:32:21.986Z"}
{"level":"error","message":"Error creating Razorpay order","timestamp":"2025-06-24T06:16:45.481Z"}
{"level":"error","message":"Error creating Razorpay order","timestamp":"2025-06-24T06:19:02.282Z"}
{"level":"error","message":"Error creating Razorpay order","timestamp":"2025-06-24T06:22:41.377Z"}
{"level":"error","message":"Error creating Razorpay order","timestamp":"2025-06-24T06:26:26.995Z"}
{"error":{"error":{"code":"BAD_REQUEST_ERROR","description":"Authentication failed"},"statusCode":401},"level":"error","message":"Error creating Razorpay order","timestamp":"2025-06-24T06:27:17.582Z"}
{"error":{"error":{"code":"BAD_REQUEST_ERROR","description":"Authentication failed"},"statusCode":401},"level":"error","message":"Error creating Razorpay order","timestamp":"2025-06-24T06:30:44.419Z"}
{"error":{"error":{"code":"BAD_REQUEST_ERROR","description":"Authentication failed"},"statusCode":401},"level":"error","message":"Error creating Razorpay order","timestamp":"2025-06-24T06:46:34.988Z"}
{"level":"error","message":"Error capturing payment","timestamp":"2025-06-24T07:06:20.174Z"}
{"error":{},"level":"error","message":"Error creating Razorpay order","timestamp":"2025-06-24T08:12:48.243Z"}
{"error":{},"level":"error","message":"Error creating Razorpay order","timestamp":"2025-06-24T08:14:06.408Z"}
{"error":{},"level":"error","message":"Error creating Razorpay order","timestamp":"2025-06-24T08:14:55.271Z"}
{"error":{},"level":"error","message":"Error creating Razorpay order","timestamp":"2025-06-24T08:15:34.824Z"}
{"error":{},"level":"error","message":"Error creating Razorpay order","timestamp":"2025-06-24T08:16:42.630Z"}
{"error":{},"level":"error","message":"Error creating Razorpay order","timestamp":"2025-06-24T08:17:48.330Z"}
{"error":{},"level":"error","message":"Error creating Razorpay order","timestamp":"2025-06-24T08:20:25.386Z"}
{"error":{},"level":"error","message":"Error creating Razorpay order","timestamp":"2025-06-24T08:21:39.505Z"}
{"error":{"error":{"code":"BAD_REQUEST_ERROR","description":"The amount must be a valid integer.","metadata":{},"reason":"input_validation_failed","source":"business","step":"payment_initiation"},"statusCode":400},"level":"error","message":"Error creating Razorpay order","timestamp":"2025-06-24T09:21:57.589Z"}
{"error":{"error":{"code":"BAD_REQUEST_ERROR","description":"The amount must be a valid integer.","metadata":{},"reason":"input_validation_failed","source":"business","step":"payment_initiation"},"statusCode":400},"level":"error","message":"Error creating Razorpay order","timestamp":"2025-06-24T09:22:01.176Z"}
{"error":{"error":{"code":"BAD_REQUEST_ERROR","description":"The amount must be a valid integer.","metadata":{},"reason":"input_validation_failed","source":"business","step":"payment_initiation"},"statusCode":400},"level":"error","message":"Error creating Razorpay order","timestamp":"2025-06-24T09:24:16.536Z"}
{"error":{"error":{"code":"BAD_REQUEST_ERROR","description":"The amount must be a valid integer.","metadata":{},"reason":"input_validation_failed","source":"business","step":"payment_initiation"},"statusCode":400},"level":"error","message":"Error creating Razorpay order","timestamp":"2025-06-24T09:24:54.629Z"}
{"error":{"error":{"code":"BAD_REQUEST_ERROR","description":"The amount must be a valid integer.","metadata":{},"reason":"input_validation_failed","source":"business","step":"payment_initiation"},"statusCode":400},"level":"error","message":"Error creating Razorpay order","timestamp":"2025-06-24T09:24:56.881Z"}
{"error":{"error":{"code":"BAD_REQUEST_ERROR","description":"Order amount less than minimum amount allowed","metadata":{},"reason":"NA","source":"order","step":"NA"},"statusCode":400},"level":"error","message":"Error creating Razorpay order","timestamp":"2025-06-24T09:25:39.382Z"}
{"error":{"error":{"code":"BAD_REQUEST_ERROR","description":"Order amount less than minimum amount allowed","metadata":{},"reason":"NA","source":"order","step":"NA"},"statusCode":400},"level":"error","message":"Error creating Razorpay order","timestamp":"2025-06-24T09:26:11.327Z"}
{"error":{"error":{"code":"BAD_REQUEST_ERROR","description":"Order amount less than minimum amount allowed","metadata":{},"reason":"NA","source":"order","step":"NA"},"statusCode":400},"level":"error","message":"Error creating Razorpay order","timestamp":"2025-06-24T09:27:38.470Z"}
{"error":{"error":{"code":"BAD_REQUEST_ERROR","description":"Order amount less than minimum amount allowed","metadata":{},"reason":"NA","source":"order","step":"NA"},"statusCode":400},"level":"error","message":"Error creating Razorpay order","timestamp":"2025-06-24T09:28:57.729Z"}
{"error":{"error":{"code":"BAD_REQUEST_ERROR","description":"Order amount less than minimum amount allowed","metadata":{},"reason":"NA","source":"order","step":"NA"},"statusCode":400},"level":"error","message":"Error creating Razorpay order","timestamp":"2025-06-24T09:30:43.509Z"}
{"error":{"error":{"code":"BAD_REQUEST_ERROR","description":"Authentication failed"},"statusCode":401},"level":"error","message":"Error creating Razorpay order","timestamp":"2025-06-26T06:06:32.082Z"}
{"error":{"error":{"code":"BAD_REQUEST_ERROR","description":"Authentication failed"},"statusCode":401},"level":"error","message":"Error creating Razorpay order","timestamp":"2025-06-26T06:07:53.183Z"}
{"error":{"error":{"code":"BAD_REQUEST_ERROR","description":"Authentication failed"},"statusCode":401},"level":"error","message":"Error creating Razorpay order","timestamp":"2025-06-26T06:09:00.119Z"}
{"error":{"error":{"code":"BAD_REQUEST_ERROR","description":"Authentication failed"},"statusCode":401},"level":"error","message":"Error creating Razorpay order","timestamp":"2025-06-26T06:09:34.453Z"}
{"error":{"error":{"code":"SERVER_ERROR","description":"%s","metadata":{},"reason":"NA","source":"NA","step":"NA"},"statusCode":500},"level":"error","message":"Error creating Razorpay order","timestamp":"2025-06-26T06:24:10.239Z"}
{"error":{"error":{"code":"SERVER_ERROR","description":"%s","metadata":{},"reason":"NA","source":"NA","step":"NA"},"statusCode":500},"level":"error","message":"Error creating Razorpay order","timestamp":"2025-06-26T06:25:33.591Z"}
{"error":{"error":{"code":"SERVER_ERROR","description":"%s","metadata":{},"reason":"NA","source":"NA","step":"NA"},"statusCode":500},"level":"error","message":"Error creating Razorpay order","timestamp":"2025-06-26T06:27:24.560Z"}
{"error":{"error":{"code":"BAD_REQUEST_ERROR","description":"Authentication failed"},"statusCode":401},"level":"error","message":"Error creating Razorpay order","timestamp":"2025-06-26T06:55:48.451Z"}
{"error":{"error":{"code":"BAD_REQUEST_ERROR","description":"Authentication failed"},"statusCode":401},"level":"error","message":"Error creating Razorpay order","timestamp":"2025-06-26T06:55:57.662Z"}
{"error":{"error":{"code":"BAD_REQUEST_ERROR","description":"Authentication failed"},"statusCode":401},"level":"error","message":"Error creating Razorpay order","timestamp":"2025-06-26T06:56:54.191Z"}
{"error":{"error":{"code":"BAD_REQUEST_ERROR","description":"Authentication failed"},"statusCode":401},"level":"error","message":"Error creating Razorpay order","timestamp":"2025-06-26T06:57:08.867Z"}
{"error":{"error":{"code":"BAD_REQUEST_ERROR","description":"Authentication failed"},"statusCode":401},"level":"error","message":"Error creating Razorpay order","timestamp":"2025-06-26T07:00:58.721Z"}
{"error":{"error":{"code":"BAD_REQUEST_ERROR","description":"Authentication failed"},"statusCode":401},"level":"error","message":"Error creating Razorpay order","timestamp":"2025-06-26T07:01:20.530Z"}
{"error":{"error":{"code":"BAD_REQUEST_ERROR","description":"Authentication failed"},"statusCode":401},"level":"error","message":"Error creating Razorpay order","timestamp":"2025-06-26T07:01:40.089Z"}
{"error":{"error":{"code":"BAD_REQUEST_ERROR","description":"Authentication failed"},"statusCode":401},"level":"error","message":"Error creating Razorpay order","timestamp":"2025-06-26T07:47:35.794Z"}
{"error":{"error":{"code":"BAD_REQUEST_ERROR","description":"Authentication failed"},"statusCode":401},"level":"error","message":"Error creating Razorpay order","timestamp":"2025-07-01T06:16:08.742Z"}
{"error":{"error":{"code":"BAD_REQUEST_ERROR","description":"Authentication failed"},"statusCode":401},"level":"error","message":"Error creating Razorpay order","timestamp":"2025-07-01T06:17:33.449Z"}
{"error":{"error":{"code":"BAD_REQUEST_ERROR","description":"Authentication failed"},"statusCode":401},"level":"error","message":"Error creating Razorpay order","timestamp":"2025-07-02T06:26:37.890Z"}
{"error":{"error":{"code":"BAD_REQUEST_ERROR","description":"Authentication failed"},"statusCode":401},"level":"error","message":"Error creating Razorpay order","timestamp":"2025-07-02T06:30:51.227Z"}
{"error":{"error":{"code":"BAD_REQUEST_ERROR","description":"Authentication failed"},"statusCode":401},"level":"error","message":"Error creating Razorpay order","timestamp":"2025-07-02T06:31:47.752Z"}
{"error":{"error":{"code":"BAD_REQUEST_ERROR","description":"Authentication failed"},"statusCode":401},"level":"error","message":"Error creating Razorpay order","timestamp":"2025-07-02T06:32:28.713Z"}
{"error":{"error":{"code":"BAD_REQUEST_ERROR","description":"Authentication failed"},"statusCode":401},"level":"error","message":"Error creating Razorpay order","timestamp":"2025-07-02T06:33:52.482Z"}
{"error":{"error":{"code":"BAD_REQUEST_ERROR","description":"Authentication failed"},"statusCode":401},"level":"error","message":"Error creating Razorpay order","timestamp":"2025-07-02T06:35:25.283Z"}
{"error":{"error":{"code":"BAD_REQUEST_ERROR","description":"Authentication failed"},"statusCode":401},"level":"error","message":"Error creating Razorpay order","timestamp":"2025-07-02T06:58:28.938Z"}
{"error":{"error":{"code":"BAD_REQUEST_ERROR","description":"Authentication failed"},"statusCode":401},"level":"error","message":"Error creating Razorpay order","timestamp":"2025-07-02T06:59:11.619Z"}
{"error":{"error":{"code":"BAD_REQUEST_ERROR","description":"Authentication failed"},"statusCode":401},"level":"error","message":"Error creating Razorpay order","timestamp":"2025-07-02T07:00:21.721Z"}
{"error":{"error":{"code":"BAD_REQUEST_ERROR","description":"Authentication failed"},"statusCode":401},"level":"error","message":"Error creating Razorpay order","timestamp":"2025-07-02T07:01:09.483Z"}
{"error":{"error":{"code":"BAD_REQUEST_ERROR","description":"Authentication failed"},"statusCode":401},"level":"error","message":"Error creating Razorpay order","timestamp":"2025-07-02T07:03:16.792Z"}
{"error":{"error":{"code":"BAD_REQUEST_ERROR","description":"Authentication failed"},"statusCode":401},"level":"error","message":"Error creating Razorpay order","timestamp":"2025-07-02T07:04:11.180Z"}
{"error":{},"level":"error","message":"Error creating Razorpay order","timestamp":"2025-07-02T07:06:25.686Z"}
{"error":{},"level":"error","message":"Error creating Razorpay order","timestamp":"2025-07-02T07:13:48.253Z"}
{"error":{},"level":"error","message":"Error creating Razorpay order","timestamp":"2025-07-02T07:20:44.178Z"}
{"error":{},"level":"error","message":"Error creating Razorpay order","timestamp":"2025-07-02T08:25:54.125Z"}
{"error":{},"level":"error","message":"Error creating Razorpay order","timestamp":"2025-07-02T08:28:16.736Z"}
{"error":{},"level":"error","message":"Error creating Razorpay order","timestamp":"2025-07-02T09:11:52.234Z"}
{"error":{},"level":"error","message":"Error creating Razorpay order","timestamp":"2025-07-02T09:15:47.450Z"}
{"error":{},"level":"error","message":"Error creating Razorpay order","timestamp":"2025-07-02T09:28:46.210Z"}
{"error":{},"level":"error","message":"Error creating Razorpay order","timestamp":"2025-07-02T09:31:53.800Z"}
